c:\users\gızem\desktop\sprıng-2021\ceng789\mydemo\debug\vc140.pdb
c:\users\gızem\desktop\sprıng-2021\ceng789\mydemo\debug\vc140.ıdb
c:\users\gızem\desktop\sprıng-2021\ceng789\mydemo\debug\maın.obj
c:\users\gızem\desktop\sprıng-2021\ceng789\mydemo\debug\mesh.obj
c:\users\gızem\desktop\sprıng-2021\ceng789\mydemo\debug\paınter.obj
c:\users\gızem\desktop\sprıng-2021\ceng789\mydemo\debug\geodesıc.obj
c:\users\gizem\desktop\sprıng-2021\ceng789\mydemo\debug\geodesic.obj
c:\users\gizem\desktop\sprıng-2021\ceng789\mydemo\debug\main.obj
c:\users\gizem\desktop\sprıng-2021\ceng789\mydemo\debug\mesh.obj
c:\users\gizem\desktop\sprıng-2021\ceng789\mydemo\debug\painter.obj
c:\users\gizem\desktop\sprıng-2021\ceng789\mydemo\debug\main.obj.enc
c:\users\gizem\desktop\sprıng-2021\ceng789\mydemo\debug\vc140.idb
c:\users\gizem\desktop\sprıng-2021\ceng789\mydemo\debug\mydemo.pdb
c:\users\gizem\desktop\sprıng-2021\ceng789\mydemo\debug\vc140.pdb
c:\users\gizem\desktop\sprıng-2021\ceng789\mydemo\debug\mydemo.tlog\cl.command.1.tlog
c:\users\gizem\desktop\sprıng-2021\ceng789\mydemo\debug\mydemo.tlog\cl.read.1.tlog
c:\users\gizem\desktop\sprıng-2021\ceng789\mydemo\debug\mydemo.tlog\cl.write.1.tlog
c:\users\gizem\desktop\sprıng-2021\ceng789\mydemo\debug\mydemo.tlog\link.11252-cvtres.read.1.tlog
c:\users\gizem\desktop\sprıng-2021\ceng789\mydemo\debug\mydemo.tlog\link.11252-cvtres.write.1.tlog
c:\users\gizem\desktop\sprıng-2021\ceng789\mydemo\debug\mydemo.tlog\link.11252-rc.read.1.tlog
c:\users\gizem\desktop\sprıng-2021\ceng789\mydemo\debug\mydemo.tlog\link.11252-rc.write.1.tlog
c:\users\gizem\desktop\sprıng-2021\ceng789\mydemo\debug\mydemo.tlog\link.11252.read.1.tlog
c:\users\gizem\desktop\sprıng-2021\ceng789\mydemo\debug\mydemo.tlog\link.11252.write.1.tlog
c:\users\gizem\desktop\sprıng-2021\ceng789\mydemo\debug\mydemo.tlog\link.command.1.tlog
c:\users\gizem\desktop\sprıng-2021\ceng789\mydemo\debug\mydemo.tlog\link.read.1.tlog
c:\users\gizem\desktop\sprıng-2021\ceng789\mydemo\debug\mydemo.tlog\link.write.1.tlog
