  Painter.cpp
  Note: including file: c:\users\gizem\desktop\spring-2021\ceng789\assignment1\Painter.h
  Note: including file:  c:\users\gizem\desktop\spring-2021\ceng789\assignment1\Mesh.h
  Note: including file:   C:\Program Files (x86)\Microsoft Visual Studio 14.0\VC\include\iostream
  Note: including file:    C:\Program Files (x86)\Microsoft Visual Studio 14.0\VC\include\istream
  Note: including file:     C:\Program Files (x86)\Microsoft Visual Studio 14.0\VC\include\ostream
  Note: including file:      C:\Program Files (x86)\Microsoft Visual Studio 14.0\VC\include\ios
  Note: including file:       C:\Program Files (x86)\Microsoft Visual Studio 14.0\VC\include\xlocnum
  Note: including file:        C:\Program Files (x86)\Microsoft Visual Studio 14.0\VC\include\climits
  Note: including file:         C:\Program Files (x86)\Microsoft Visual Studio 14.0\VC\include\yvals.h
  Note: including file:          C:\Program Files (x86)\Microsoft Visual Studio 14.0\VC\include\xkeycheck.h
  Note: including file:          C:\Program Files (x86)\Microsoft Visual Studio 14.0\VC\include\crtdefs.h
  Note: including file:           C:\Program Files (x86)\Microsoft Visual Studio 14.0\VC\include\vcruntime.h
  Note: including file:            C:\Program Files (x86)\Microsoft Visual Studio 14.0\VC\include\sal.h
  Note: including file:             C:\Program Files (x86)\Microsoft Visual Studio 14.0\VC\include\ConcurrencySal.h
  Note: including file:            C:\Program Files (x86)\Microsoft Visual Studio 14.0\VC\include\vadefs.h
  Note: including file:           C:\Program Files (x86)\Windows Kits\10\Include\10.0.10240.0\ucrt\corecrt.h
  Note: including file:            C:\Program Files (x86)\Microsoft Visual Studio 14.0\VC\include\vcruntime.h
  Note: including file:          C:\Program Files (x86)\Microsoft Visual Studio 14.0\VC\include\use_ansi.h
  Note: including file:         C:\Program Files (x86)\Microsoft Visual Studio 14.0\VC\include\limits.h
  Note: including file:          C:\Program Files (x86)\Microsoft Visual Studio 14.0\VC\include\vcruntime.h
  Note: including file:        C:\Program Files (x86)\Microsoft Visual Studio 14.0\VC\include\cmath
  Note: including file:         C:\Program Files (x86)\Windows Kits\10\Include\10.0.10240.0\ucrt\math.h
  Note: including file:         C:\Program Files (x86)\Microsoft Visual Studio 14.0\VC\include\xtgmath.h
  Note: including file:          C:\Program Files (x86)\Microsoft Visual Studio 14.0\VC\include\xtr1common
  Note: including file:           C:\Program Files (x86)\Microsoft Visual Studio 14.0\VC\include\cstdlib
  Note: including file:            C:\Program Files (x86)\Windows Kits\10\Include\10.0.10240.0\ucrt\stdlib.h
  Note: including file:             C:\Program Files (x86)\Windows Kits\10\Include\10.0.10240.0\ucrt\corecrt_malloc.h
  Note: including file:             C:\Program Files (x86)\Windows Kits\10\Include\10.0.10240.0\ucrt\corecrt_search.h
  Note: including file:              C:\Program Files (x86)\Windows Kits\10\Include\10.0.10240.0\ucrt\stddef.h
  Note: including file:             C:\Program Files (x86)\Windows Kits\10\Include\10.0.10240.0\ucrt\corecrt_wstdlib.h
  Note: including file:        C:\Program Files (x86)\Microsoft Visual Studio 14.0\VC\include\cstdio
  Note: including file:         C:\Program Files (x86)\Windows Kits\10\Include\10.0.10240.0\ucrt\stdio.h
  Note: including file:          C:\Program Files (x86)\Windows Kits\10\Include\10.0.10240.0\ucrt\corecrt_wstdio.h
  Note: including file:           C:\Program Files (x86)\Windows Kits\10\Include\10.0.10240.0\ucrt\corecrt_stdio_config.h
  Note: including file:        C:\Program Files (x86)\Microsoft Visual Studio 14.0\VC\include\streambuf
  Note: including file:         C:\Program Files (x86)\Microsoft Visual Studio 14.0\VC\include\xiosbase
  Note: including file:          C:\Program Files (x86)\Microsoft Visual Studio 14.0\VC\include\xlocale
  Note: including file:           C:\Program Files (x86)\Microsoft Visual Studio 14.0\VC\include\cstring
  Note: including file:            C:\Program Files (x86)\Windows Kits\10\Include\10.0.10240.0\ucrt\string.h
  Note: including file:             C:\Program Files (x86)\Windows Kits\10\Include\10.0.10240.0\ucrt\corecrt_memory.h
  Note: including file:              C:\Program Files (x86)\Windows Kits\10\Include\10.0.10240.0\ucrt\corecrt_memcpy_s.h
  Note: including file:               C:\Program Files (x86)\Windows Kits\10\Include\10.0.10240.0\ucrt\errno.h
  Note: including file:               C:\Program Files (x86)\Microsoft Visual Studio 14.0\VC\include\vcruntime_string.h
  Note: including file:                C:\Program Files (x86)\Microsoft Visual Studio 14.0\VC\include\vcruntime.h
  Note: including file:             C:\Program Files (x86)\Windows Kits\10\Include\10.0.10240.0\ucrt\corecrt_wstring.h
  Note: including file:           C:\Program Files (x86)\Microsoft Visual Studio 14.0\VC\include\stdexcept
  Note: including file:            C:\Program Files (x86)\Microsoft Visual Studio 14.0\VC\include\exception
  Note: including file:             C:\Program Files (x86)\Microsoft Visual Studio 14.0\VC\include\type_traits
  Note: including file:              C:\Program Files (x86)\Microsoft Visual Studio 14.0\VC\include\xstddef
  Note: including file:               C:\Program Files (x86)\Microsoft Visual Studio 14.0\VC\include\cstddef
  Note: including file:               C:\Program Files (x86)\Microsoft Visual Studio 14.0\VC\include\initializer_list
  Note: including file:             C:\Program Files (x86)\Windows Kits\10\Include\10.0.10240.0\ucrt\malloc.h
  Note: including file:             C:\Program Files (x86)\Microsoft Visual Studio 14.0\VC\include\vcruntime_exception.h
  Note: including file:              C:\Program Files (x86)\Microsoft Visual Studio 14.0\VC\include\eh.h
  Note: including file:               C:\Program Files (x86)\Windows Kits\10\Include\10.0.10240.0\ucrt\corecrt_terminate.h
  Note: including file:            C:\Program Files (x86)\Microsoft Visual Studio 14.0\VC\include\xstring
  Note: including file:             C:\Program Files (x86)\Microsoft Visual Studio 14.0\VC\include\xmemory0
  Note: including file:              C:\Program Files (x86)\Microsoft Visual Studio 14.0\VC\include\cstdint
  Note: including file:               C:\Program Files (x86)\Microsoft Visual Studio 14.0\VC\include\stdint.h
  Note: including file:                C:\Program Files (x86)\Microsoft Visual Studio 14.0\VC\include\vcruntime.h
  Note: including file:              C:\Program Files (x86)\Microsoft Visual Studio 14.0\VC\include\limits
  Note: including file:               C:\Program Files (x86)\Microsoft Visual Studio 14.0\VC\include\ymath.h
  Note: including file:               C:\Program Files (x86)\Microsoft Visual Studio 14.0\VC\include\cfloat
  Note: including file:                C:\Program Files (x86)\Windows Kits\10\Include\10.0.10240.0\ucrt\float.h
  Note: including file:               C:\Program Files (x86)\Microsoft Visual Studio 14.0\VC\include\cwchar
  Note: including file:                C:\Program Files (x86)\Windows Kits\10\Include\10.0.10240.0\ucrt\wchar.h
  Note: including file:                 C:\Program Files (x86)\Windows Kits\10\Include\10.0.10240.0\ucrt\corecrt_wconio.h
  Note: including file:                 C:\Program Files (x86)\Windows Kits\10\Include\10.0.10240.0\ucrt\corecrt_wctype.h
  Note: including file:                 C:\Program Files (x86)\Windows Kits\10\Include\10.0.10240.0\ucrt\corecrt_wdirect.h
  Note: including file:                 C:\Program Files (x86)\Windows Kits\10\Include\10.0.10240.0\ucrt\corecrt_wio.h
  Note: including file:                  C:\Program Files (x86)\Windows Kits\10\Include\10.0.10240.0\ucrt\corecrt_share.h
  Note: including file:                 C:\Program Files (x86)\Windows Kits\10\Include\10.0.10240.0\ucrt\corecrt_wprocess.h
  Note: including file:                 C:\Program Files (x86)\Windows Kits\10\Include\10.0.10240.0\ucrt\corecrt_wtime.h
  Note: including file:                 C:\Program Files (x86)\Windows Kits\10\Include\10.0.10240.0\ucrt\sys/stat.h
  Note: including file:                  C:\Program Files (x86)\Windows Kits\10\Include\10.0.10240.0\ucrt\sys/types.h
  Note: including file:              C:\Program Files (x86)\Microsoft Visual Studio 14.0\VC\include\new
  Note: including file:               C:\Program Files (x86)\Microsoft Visual Studio 14.0\VC\include\vcruntime_new.h
  Note: including file:                C:\Program Files (x86)\Microsoft Visual Studio 14.0\VC\include\vcruntime.h
  Note: including file:              C:\Program Files (x86)\Microsoft Visual Studio 14.0\VC\include\xutility
  Note: including file:               C:\Program Files (x86)\Microsoft Visual Studio 14.0\VC\include\utility
  Note: including file:                C:\Program Files (x86)\Microsoft Visual Studio 14.0\VC\include\iosfwd
  Note: including file:                 C:\Program Files (x86)\Windows Kits\10\Include\10.0.10240.0\ucrt\crtdbg.h
  Note: including file:                  C:\Program Files (x86)\Microsoft Visual Studio 14.0\VC\include\vcruntime_new_debug.h
  Note: including file:              C:\Program Files (x86)\Microsoft Visual Studio 14.0\VC\include\xatomic0.h
  Note: including file:              C:\Program Files (x86)\Microsoft Visual Studio 14.0\VC\include\intrin.h
  Note: including file:               C:\Program Files (x86)\Microsoft Visual Studio 14.0\VC\include\vcruntime.h
  Note: including file:               C:\Program Files (x86)\Microsoft Visual Studio 14.0\VC\include\setjmp.h
  Note: including file:                C:\Program Files (x86)\Microsoft Visual Studio 14.0\VC\include\vcruntime.h
  Note: including file:               C:\Program Files (x86)\Microsoft Visual Studio 14.0\VC\include\immintrin.h
  Note: including file:                C:\Program Files (x86)\Microsoft Visual Studio 14.0\VC\include\wmmintrin.h
  Note: including file:                 C:\Program Files (x86)\Microsoft Visual Studio 14.0\VC\include\nmmintrin.h
  Note: including file:                  C:\Program Files (x86)\Microsoft Visual Studio 14.0\VC\include\smmintrin.h
  Note: including file:                   C:\Program Files (x86)\Microsoft Visual Studio 14.0\VC\include\tmmintrin.h
  Note: including file:                    C:\Program Files (x86)\Microsoft Visual Studio 14.0\VC\include\pmmintrin.h
  Note: including file:                     C:\Program Files (x86)\Microsoft Visual Studio 14.0\VC\include\emmintrin.h
  Note: including file:                      C:\Program Files (x86)\Microsoft Visual Studio 14.0\VC\include\xmmintrin.h
  Note: including file:                       C:\Program Files (x86)\Microsoft Visual Studio 14.0\VC\include\mmintrin.h
  Note: including file:               C:\Program Files (x86)\Microsoft Visual Studio 14.0\VC\include\ammintrin.h
  Note: including file:               C:\Program Files (x86)\Microsoft Visual Studio 14.0\VC\include\mm3dnow.h
  Note: including file:                C:\Program Files (x86)\Microsoft Visual Studio 14.0\VC\include\vcruntime.h
  Note: including file:           C:\Program Files (x86)\Microsoft Visual Studio 14.0\VC\include\typeinfo
  Note: including file:            C:\Program Files (x86)\Microsoft Visual Studio 14.0\VC\include\vcruntime_typeinfo.h
  Note: including file:             C:\Program Files (x86)\Microsoft Visual Studio 14.0\VC\include\vcruntime.h
  Note: including file:           C:\Program Files (x86)\Microsoft Visual Studio 14.0\VC\include\xlocinfo
  Note: including file:            C:\Program Files (x86)\Microsoft Visual Studio 14.0\VC\include\xlocinfo.h
  Note: including file:             C:\Program Files (x86)\Windows Kits\10\Include\10.0.10240.0\ucrt\ctype.h
  Note: including file:             C:\Program Files (x86)\Windows Kits\10\Include\10.0.10240.0\ucrt\locale.h
  Note: including file:           C:\Program Files (x86)\Microsoft Visual Studio 14.0\VC\include\xfacet
  Note: including file:          C:\Program Files (x86)\Microsoft Visual Studio 14.0\VC\include\system_error
  Note: including file:           C:\Program Files (x86)\Microsoft Visual Studio 14.0\VC\include\cerrno
  Note: including file:          C:\Program Files (x86)\Windows Kits\10\Include\10.0.10240.0\ucrt\share.h
  Note: including file:   C:\Program Files (x86)\Microsoft Visual Studio 14.0\VC\include\vector
  Note: including file:    C:\Program Files (x86)\Microsoft Visual Studio 14.0\VC\include\xmemory
  Note: including file:   C:\Program Files (x86)\Microsoft Visual Studio 14.0\VC\include\queue
  Note: including file:    C:\Program Files (x86)\Microsoft Visual Studio 14.0\VC\include\algorithm
  Note: including file:    C:\Program Files (x86)\Microsoft Visual Studio 14.0\VC\include\deque
  Note: including file:   C:\Program Files (x86)\Microsoft Visual Studio 14.0\VC\include\map
  Note: including file:    C:\Program Files (x86)\Microsoft Visual Studio 14.0\VC\include\tuple
  Note: including file:    C:\Program Files (x86)\Microsoft Visual Studio 14.0\VC\include\xtree
  Note: including file:   C:\Program Files (x86)\Microsoft Visual Studio 14.0\VC\include\functional
  Note: including file:    C:\Program Files (x86)\Microsoft Visual Studio 14.0\VC\include\xfunctional
  Note: including file:  C:\Coin3D\include\Inventor/nodes/SoMaterial.h
  Note: including file:   C:\Coin3D\include\Inventor/nodes/SoSubNode.h
  Note: including file:    C:\Coin3D\include\Inventor/SbName.h
  Note: including file:     C:\Coin3D\include\Inventor/SbBasic.h
  Note: including file:      C:\Coin3D\include\Inventor/C/basic.h
  Note: including file:       C:\Coin3D\include\Inventor/system/inttypes.h
  Note: including file:       C:\Program Files (x86)\Windows Kits\10\Include\10.0.10240.0\ucrt\math.h
  Note: including file:    C:\Coin3D\include\Inventor/SoType.h
  Note: including file:     C:\Coin3D\include\Inventor/SbDict.h
  Note: including file:    C:\Coin3D\include\Inventor/fields/SoFieldData.h
  Note: including file:     C:\Coin3D\include\Inventor/lists/SbList.h
  Note: including file:      C:\Program Files (x86)\Windows Kits\10\Include\10.0.10240.0\ucrt\assert.h
  Note: including file:    C:\Coin3D\include\Inventor/nodes/SoNode.h
  Note: including file:     C:\Coin3D\include\Inventor/fields/SoFieldContainer.h
  Note: including file:      C:\Coin3D\include\Inventor/misc/SoBase.h
  Note: including file:       C:\Coin3D\include\Inventor/lists/SoAuditorList.h
  Note: including file:        C:\Coin3D\include\Inventor/lists/SbPList.h
  Note: including file:         C:\Program Files (x86)\Windows Kits\10\Include\10.0.10240.0\ucrt\assert.h
  Note: including file:        C:\Coin3D\include\Inventor/misc/SoNotification.h
  Note: including file:         C:\Coin3D\include\Inventor/misc/SoNotRec.h
  Note: including file:       C:\Coin3D\include\Inventor/C/base/rbptree.h
  Note: including file:        C:\Program Files (x86)\Microsoft Visual Studio 14.0\VC\include\stdarg.h
  Note: including file:         C:\Program Files (x86)\Microsoft Visual Studio 14.0\VC\include\vcruntime.h
  Note: including file:     C:\Coin3D\include\Inventor/SoLists.h
  Note: including file:      C:\Coin3D\include\Inventor/lists/SbIntList.h
  Note: including file:      C:\Coin3D\include\Inventor/lists/SoBaseList.h
  Note: including file:      C:\Coin3D\include\Inventor/lists/SoDetailList.h
  Note: including file:      C:\Coin3D\include\Inventor/lists/SoEnabledElementsList.h
  Note: including file:       C:\Coin3D\include\Inventor/lists/SoTypeList.h
  Note: including file:      C:\Coin3D\include\Inventor/lists/SoEngineOutputList.h
  Note: including file:      C:\Coin3D\include\Inventor/lists/SoEngineList.h
  Note: including file:      C:\Coin3D\include\Inventor/lists/SoFieldList.h
  Note: including file:      C:\Coin3D\include\Inventor/lists/SoNodeList.h
  Note: including file:      C:\Coin3D\include\Inventor/lists/SoPathList.h
  Note: including file:      C:\Coin3D\include\Inventor/lists/SoPickedPointList.h
  Note: including file:   C:\Coin3D\include\Inventor/fields/SoMFColor.h
  Note: including file:    C:\Coin3D\include\Inventor/fields/SoMField.h
  Note: including file:     C:\Coin3D\include\Inventor/fields/SoField.h
  Note: including file:      C:\Coin3D\include\Inventor/fields/SoSField.h
  Note: including file:       C:\Coin3D\include\Inventor/fields/SoField.h
  Note: including file:      C:\Coin3D\include\Inventor/fields/SoMField.h
  Note: including file:    C:\Coin3D\include\Inventor/fields/SoSubField.h
  Note: including file:     C:\Program Files (x86)\Windows Kits\10\Include\10.0.10240.0\ucrt\assert.h
  Note: including file:     C:\Coin3D\include\Inventor/SoInput.h
  Note: including file:      C:\Coin3D\include\Inventor/SoDB.h
  Note: including file:       C:\Coin3D\include\Inventor/SbString.h
  Note: including file:        C:\Coin3D\include\Inventor/C/base/string.h
  Note: including file:       C:\Coin3D\include\Inventor/sensors/SoSensorManager.h
  Note: including file:     C:\Coin3D\include\Inventor/SoOutput.h
  Note: including file:    C:\Coin3D\include\Inventor/SbColor.h
  Note: including file:     C:\Coin3D\include\Inventor/SbVec3f.h
  Note: including file:   C:\Coin3D\include\Inventor/fields/SoMFFloat.h
  Note: including file:   C:\Coin3D\include\Inventor/fields/SoSFFloat.h
  Note: including file:  C:\Coin3D\include\Inventor/nodes/SoTransform.h
  Note: including file:   C:\Coin3D\include\Inventor/fields/SoSFRotation.h
  Note: including file:    C:\Coin3D\include\Inventor/SbRotation.h
  Note: including file:     C:\Coin3D\include\Inventor/SbVec4f.h
  Note: including file:   C:\Coin3D\include\Inventor/fields/SoSFVec3f.h
  Note: including file:   C:\Coin3D\include\Inventor/nodes/SoTransformation.h
  Note: including file:   C:\Coin3D\include\Inventor/SbMatrix.h
  Note: including file:  C:\Coin3D\include\Inventor/nodes/SoSphere.h
  Note: including file:   C:\Coin3D\include\Inventor/nodes/SoShape.h
  Note: including file:    C:\Coin3D\include\Inventor/SbVec2s.h
  Note: including file:    C:\Coin3D\include\Inventor/SbBox3f.h
  Note: including file:  C:\Coin3D\include\Inventor/nodes/SoCoordinate3.h
  Note: including file:   C:\Coin3D\include\Inventor/fields/SoMFVec3f.h
  Note: including file:  C:\Coin3D\include\Inventor/nodes/SoIndexedFaceSet.h
  Note: including file:   C:\Coin3D\include\Inventor/nodes/SoIndexedShape.h
  Note: including file:    C:\Coin3D\include\Inventor/nodes/SoVertexShape.h
  Note: including file:     C:\Coin3D\include\Inventor/fields/SoSFNode.h
  Note: including file:     C:\Coin3D\include\Inventor/nodes/SoVertexProperty.h
  Note: including file:      C:\Coin3D\include\Inventor/fields/SoMFUInt32.h
  Note: including file:      C:\Coin3D\include\Inventor/fields/SoMFVec2f.h
  Note: including file:       C:\Coin3D\include\Inventor/SbVec2f.h
  Note: including file:      C:\Coin3D\include\Inventor/fields/SoSFEnum.h
  Note: including file:      C:\Coin3D\include\Inventor/nodes/SoNormalBinding.h
  Note: including file:       C:\Coin3D\include\Inventor/elements/SoNormalBindingElement.h
  Note: including file:        C:\Coin3D\include\Inventor/elements/SoInt32Element.h
  Note: including file:         C:\Coin3D\include\Inventor/elements/SoSubElement.h
  Note: including file:          C:\Program Files (x86)\Windows Kits\10\Include\10.0.10240.0\ucrt\assert.h
  Note: including file:          C:\Coin3D\include\Inventor/elements/SoElement.h
  Note: including file:           C:\Coin3D\include\Inventor/misc/SoState.h
  Note: including file:            C:\Program Files (x86)\Windows Kits\10\Include\10.0.10240.0\ucrt\assert.h
  Note: including file:      C:\Coin3D\include\Inventor/nodes/SoMaterialBinding.h
  Note: including file:       C:\Coin3D\include\Inventor/elements/SoMaterialBindingElement.h
  Note: including file:      C:\Coin3D\include\Inventor/nodes/SoTextureCoordinateBinding.h
  Note: including file:       C:\Coin3D\include\Inventor/elements/SoTextureCoordinateBindingElement.h
  Note: including file:    C:\Coin3D\include\Inventor/fields/SoMFInt32.h
  Note: including file:  C:\Coin3D\include\Inventor/nodes/SoSeparator.h
  Note: including file:   C:\Coin3D\include\Inventor/nodes/SoGroup.h
  Note: including file:  C:\Coin3D\include\Inventor/nodes/SoShapeHints.h
  Note: including file:   C:\Coin3D\include\Inventor/elements/SoShapeHintsElement.h
  Note: including file:  C:\Coin3D\include\Inventor/nodes/SoDrawStyle.h
  Note: including file:   C:\Coin3D\include\Inventor/elements/SoDrawStyleElement.h
  Note: including file:   C:\Coin3D\include\Inventor/fields/SoSFUShort.h
  Note: including file:  C:\Coin3D\include\Inventor/nodes/SoIndexedLineSet.h
c:\users\gizem\desktop\spring-2021\ceng789\assignment1\painter.cpp(23): warning C4305: 'argument': truncation from 'double' to 'float'
  Main.cpp
  Note: including file: c:\users\gizem\desktop\spring-2021\ceng789\assignment1\Mesh.h
  Note: including file:  C:\Program Files (x86)\Microsoft Visual Studio 14.0\VC\include\iostream
  Note: including file:   C:\Program Files (x86)\Microsoft Visual Studio 14.0\VC\include\istream
  Note: including file:    C:\Program Files (x86)\Microsoft Visual Studio 14.0\VC\include\ostream
  Note: including file:     C:\Program Files (x86)\Microsoft Visual Studio 14.0\VC\include\ios
  Note: including file:      C:\Program Files (x86)\Microsoft Visual Studio 14.0\VC\include\xlocnum
  Note: including file:       C:\Program Files (x86)\Microsoft Visual Studio 14.0\VC\include\climits
  Note: including file:        C:\Program Files (x86)\Microsoft Visual Studio 14.0\VC\include\yvals.h
  Note: including file:         C:\Program Files (x86)\Microsoft Visual Studio 14.0\VC\include\xkeycheck.h
  Note: including file:         C:\Program Files (x86)\Microsoft Visual Studio 14.0\VC\include\crtdefs.h
  Note: including file:          C:\Program Files (x86)\Microsoft Visual Studio 14.0\VC\include\vcruntime.h
  Note: including file:           C:\Program Files (x86)\Microsoft Visual Studio 14.0\VC\include\sal.h
  Note: including file:            C:\Program Files (x86)\Microsoft Visual Studio 14.0\VC\include\ConcurrencySal.h
  Note: including file:           C:\Program Files (x86)\Microsoft Visual Studio 14.0\VC\include\vadefs.h
  Note: including file:          C:\Program Files (x86)\Windows Kits\10\Include\10.0.10240.0\ucrt\corecrt.h
  Note: including file:           C:\Program Files (x86)\Microsoft Visual Studio 14.0\VC\include\vcruntime.h
  Note: including file:         C:\Program Files (x86)\Microsoft Visual Studio 14.0\VC\include\use_ansi.h
  Note: including file:        C:\Program Files (x86)\Microsoft Visual Studio 14.0\VC\include\limits.h
  Note: including file:         C:\Program Files (x86)\Microsoft Visual Studio 14.0\VC\include\vcruntime.h
  Note: including file:       C:\Program Files (x86)\Microsoft Visual Studio 14.0\VC\include\cmath
  Note: including file:        C:\Program Files (x86)\Windows Kits\10\Include\10.0.10240.0\ucrt\math.h
  Note: including file:        C:\Program Files (x86)\Microsoft Visual Studio 14.0\VC\include\xtgmath.h
  Note: including file:         C:\Program Files (x86)\Microsoft Visual Studio 14.0\VC\include\xtr1common
  Note: including file:          C:\Program Files (x86)\Microsoft Visual Studio 14.0\VC\include\cstdlib
  Note: including file:           C:\Program Files (x86)\Windows Kits\10\Include\10.0.10240.0\ucrt\stdlib.h
  Note: including file:            C:\Program Files (x86)\Windows Kits\10\Include\10.0.10240.0\ucrt\corecrt_malloc.h
  Note: including file:            C:\Program Files (x86)\Windows Kits\10\Include\10.0.10240.0\ucrt\corecrt_search.h
  Note: including file:             C:\Program Files (x86)\Windows Kits\10\Include\10.0.10240.0\ucrt\stddef.h
  Note: including file:            C:\Program Files (x86)\Windows Kits\10\Include\10.0.10240.0\ucrt\corecrt_wstdlib.h
  Note: including file:       C:\Program Files (x86)\Microsoft Visual Studio 14.0\VC\include\cstdio
  Note: including file:        C:\Program Files (x86)\Windows Kits\10\Include\10.0.10240.0\ucrt\stdio.h
  Note: including file:         C:\Program Files (x86)\Windows Kits\10\Include\10.0.10240.0\ucrt\corecrt_wstdio.h
  Note: including file:          C:\Program Files (x86)\Windows Kits\10\Include\10.0.10240.0\ucrt\corecrt_stdio_config.h
  Note: including file:       C:\Program Files (x86)\Microsoft Visual Studio 14.0\VC\include\streambuf
  Note: including file:        C:\Program Files (x86)\Microsoft Visual Studio 14.0\VC\include\xiosbase
  Note: including file:         C:\Program Files (x86)\Microsoft Visual Studio 14.0\VC\include\xlocale
  Note: including file:          C:\Program Files (x86)\Microsoft Visual Studio 14.0\VC\include\cstring
  Note: including file:           C:\Program Files (x86)\Windows Kits\10\Include\10.0.10240.0\ucrt\string.h
  Note: including file:            C:\Program Files (x86)\Windows Kits\10\Include\10.0.10240.0\ucrt\corecrt_memory.h
  Note: including file:             C:\Program Files (x86)\Windows Kits\10\Include\10.0.10240.0\ucrt\corecrt_memcpy_s.h
  Note: including file:              C:\Program Files (x86)\Windows Kits\10\Include\10.0.10240.0\ucrt\errno.h
  Note: including file:              C:\Program Files (x86)\Microsoft Visual Studio 14.0\VC\include\vcruntime_string.h
  Note: including file:               C:\Program Files (x86)\Microsoft Visual Studio 14.0\VC\include\vcruntime.h
  Note: including file:            C:\Program Files (x86)\Windows Kits\10\Include\10.0.10240.0\ucrt\corecrt_wstring.h
  Note: including file:          C:\Program Files (x86)\Microsoft Visual Studio 14.0\VC\include\stdexcept
  Note: including file:           C:\Program Files (x86)\Microsoft Visual Studio 14.0\VC\include\exception
  Note: including file:            C:\Program Files (x86)\Microsoft Visual Studio 14.0\VC\include\type_traits
  Note: including file:             C:\Program Files (x86)\Microsoft Visual Studio 14.0\VC\include\xstddef
  Note: including file:              C:\Program Files (x86)\Microsoft Visual Studio 14.0\VC\include\cstddef
  Note: including file:              C:\Program Files (x86)\Microsoft Visual Studio 14.0\VC\include\initializer_list
  Note: including file:            C:\Program Files (x86)\Windows Kits\10\Include\10.0.10240.0\ucrt\malloc.h
  Note: including file:            C:\Program Files (x86)\Microsoft Visual Studio 14.0\VC\include\vcruntime_exception.h
  Note: including file:             C:\Program Files (x86)\Microsoft Visual Studio 14.0\VC\include\eh.h
  Note: including file:              C:\Program Files (x86)\Windows Kits\10\Include\10.0.10240.0\ucrt\corecrt_terminate.h
  Note: including file:           C:\Program Files (x86)\Microsoft Visual Studio 14.0\VC\include\xstring
  Note: including file:            C:\Program Files (x86)\Microsoft Visual Studio 14.0\VC\include\xmemory0
  Note: including file:             C:\Program Files (x86)\Microsoft Visual Studio 14.0\VC\include\cstdint
  Note: including file:              C:\Program Files (x86)\Microsoft Visual Studio 14.0\VC\include\stdint.h
  Note: including file:               C:\Program Files (x86)\Microsoft Visual Studio 14.0\VC\include\vcruntime.h
  Note: including file:             C:\Program Files (x86)\Microsoft Visual Studio 14.0\VC\include\limits
  Note: including file:              C:\Program Files (x86)\Microsoft Visual Studio 14.0\VC\include\ymath.h
  Note: including file:              C:\Program Files (x86)\Microsoft Visual Studio 14.0\VC\include\cfloat
  Note: including file:               C:\Program Files (x86)\Windows Kits\10\Include\10.0.10240.0\ucrt\float.h
  Note: including file:              C:\Program Files (x86)\Microsoft Visual Studio 14.0\VC\include\cwchar
  Note: including file:               C:\Program Files (x86)\Windows Kits\10\Include\10.0.10240.0\ucrt\wchar.h
  Note: including file:                C:\Program Files (x86)\Windows Kits\10\Include\10.0.10240.0\ucrt\corecrt_wconio.h
  Note: including file:                C:\Program Files (x86)\Windows Kits\10\Include\10.0.10240.0\ucrt\corecrt_wctype.h
  Note: including file:                C:\Program Files (x86)\Windows Kits\10\Include\10.0.10240.0\ucrt\corecrt_wdirect.h
  Note: including file:                C:\Program Files (x86)\Windows Kits\10\Include\10.0.10240.0\ucrt\corecrt_wio.h
  Note: including file:                 C:\Program Files (x86)\Windows Kits\10\Include\10.0.10240.0\ucrt\corecrt_share.h
  Note: including file:                C:\Program Files (x86)\Windows Kits\10\Include\10.0.10240.0\ucrt\corecrt_wprocess.h
  Note: including file:                C:\Program Files (x86)\Windows Kits\10\Include\10.0.10240.0\ucrt\corecrt_wtime.h
  Note: including file:                C:\Program Files (x86)\Windows Kits\10\Include\10.0.10240.0\ucrt\sys/stat.h
  Note: including file:                 C:\Program Files (x86)\Windows Kits\10\Include\10.0.10240.0\ucrt\sys/types.h
  Note: including file:             C:\Program Files (x86)\Microsoft Visual Studio 14.0\VC\include\new
  Note: including file:              C:\Program Files (x86)\Microsoft Visual Studio 14.0\VC\include\vcruntime_new.h
  Note: including file:               C:\Program Files (x86)\Microsoft Visual Studio 14.0\VC\include\vcruntime.h
  Note: including file:             C:\Program Files (x86)\Microsoft Visual Studio 14.0\VC\include\xutility
  Note: including file:              C:\Program Files (x86)\Microsoft Visual Studio 14.0\VC\include\utility
  Note: including file:               C:\Program Files (x86)\Microsoft Visual Studio 14.0\VC\include\iosfwd
  Note: including file:                C:\Program Files (x86)\Windows Kits\10\Include\10.0.10240.0\ucrt\crtdbg.h
  Note: including file:                 C:\Program Files (x86)\Microsoft Visual Studio 14.0\VC\include\vcruntime_new_debug.h
  Note: including file:             C:\Program Files (x86)\Microsoft Visual Studio 14.0\VC\include\xatomic0.h
  Note: including file:             C:\Program Files (x86)\Microsoft Visual Studio 14.0\VC\include\intrin.h
  Note: including file:              C:\Program Files (x86)\Microsoft Visual Studio 14.0\VC\include\vcruntime.h
  Note: including file:              C:\Program Files (x86)\Microsoft Visual Studio 14.0\VC\include\setjmp.h
  Note: including file:               C:\Program Files (x86)\Microsoft Visual Studio 14.0\VC\include\vcruntime.h
  Note: including file:              C:\Program Files (x86)\Microsoft Visual Studio 14.0\VC\include\immintrin.h
  Note: including file:               C:\Program Files (x86)\Microsoft Visual Studio 14.0\VC\include\wmmintrin.h
  Note: including file:                C:\Program Files (x86)\Microsoft Visual Studio 14.0\VC\include\nmmintrin.h
  Note: including file:                 C:\Program Files (x86)\Microsoft Visual Studio 14.0\VC\include\smmintrin.h
  Note: including file:                  C:\Program Files (x86)\Microsoft Visual Studio 14.0\VC\include\tmmintrin.h
  Note: including file:                   C:\Program Files (x86)\Microsoft Visual Studio 14.0\VC\include\pmmintrin.h
  Note: including file:                    C:\Program Files (x86)\Microsoft Visual Studio 14.0\VC\include\emmintrin.h
  Note: including file:                     C:\Program Files (x86)\Microsoft Visual Studio 14.0\VC\include\xmmintrin.h
  Note: including file:                      C:\Program Files (x86)\Microsoft Visual Studio 14.0\VC\include\mmintrin.h
  Note: including file:              C:\Program Files (x86)\Microsoft Visual Studio 14.0\VC\include\ammintrin.h
  Note: including file:              C:\Program Files (x86)\Microsoft Visual Studio 14.0\VC\include\mm3dnow.h
  Note: including file:               C:\Program Files (x86)\Microsoft Visual Studio 14.0\VC\include\vcruntime.h
  Note: including file:          C:\Program Files (x86)\Microsoft Visual Studio 14.0\VC\include\typeinfo
  Note: including file:           C:\Program Files (x86)\Microsoft Visual Studio 14.0\VC\include\vcruntime_typeinfo.h
  Note: including file:            C:\Program Files (x86)\Microsoft Visual Studio 14.0\VC\include\vcruntime.h
  Note: including file:          C:\Program Files (x86)\Microsoft Visual Studio 14.0\VC\include\xlocinfo
  Note: including file:           C:\Program Files (x86)\Microsoft Visual Studio 14.0\VC\include\xlocinfo.h
  Note: including file:            C:\Program Files (x86)\Windows Kits\10\Include\10.0.10240.0\ucrt\ctype.h
  Note: including file:            C:\Program Files (x86)\Windows Kits\10\Include\10.0.10240.0\ucrt\locale.h
  Note: including file:          C:\Program Files (x86)\Microsoft Visual Studio 14.0\VC\include\xfacet
  Note: including file:         C:\Program Files (x86)\Microsoft Visual Studio 14.0\VC\include\system_error
  Note: including file:          C:\Program Files (x86)\Microsoft Visual Studio 14.0\VC\include\cerrno
  Note: including file:         C:\Program Files (x86)\Windows Kits\10\Include\10.0.10240.0\ucrt\share.h
  Note: including file:  C:\Program Files (x86)\Microsoft Visual Studio 14.0\VC\include\vector
  Note: including file:   C:\Program Files (x86)\Microsoft Visual Studio 14.0\VC\include\xmemory
  Note: including file:  C:\Program Files (x86)\Microsoft Visual Studio 14.0\VC\include\queue
  Note: including file:   C:\Program Files (x86)\Microsoft Visual Studio 14.0\VC\include\algorithm
  Note: including file:   C:\Program Files (x86)\Microsoft Visual Studio 14.0\VC\include\deque
  Note: including file:  C:\Program Files (x86)\Microsoft Visual Studio 14.0\VC\include\map
  Note: including file:   C:\Program Files (x86)\Microsoft Visual Studio 14.0\VC\include\tuple
  Note: including file:   C:\Program Files (x86)\Microsoft Visual Studio 14.0\VC\include\xtree
  Note: including file:  C:\Program Files (x86)\Microsoft Visual Studio 14.0\VC\include\functional
  Note: including file:   C:\Program Files (x86)\Microsoft Visual Studio 14.0\VC\include\xfunctional
  Note: including file: c:\users\gizem\desktop\spring-2021\ceng789\assignment1\Painter.h
  Note: including file:  C:\Coin3D\include\Inventor/nodes/SoMaterial.h
  Note: including file:   C:\Coin3D\include\Inventor/nodes/SoSubNode.h
  Note: including file:    C:\Coin3D\include\Inventor/SbName.h
  Note: including file:     C:\Coin3D\include\Inventor/SbBasic.h
  Note: including file:      C:\Coin3D\include\Inventor/C/basic.h
  Note: including file:       C:\Coin3D\include\Inventor/system/inttypes.h
  Note: including file:       C:\Program Files (x86)\Windows Kits\10\Include\10.0.10240.0\ucrt\math.h
  Note: including file:    C:\Coin3D\include\Inventor/SoType.h
  Note: including file:     C:\Coin3D\include\Inventor/SbDict.h
  Note: including file:    C:\Coin3D\include\Inventor/fields/SoFieldData.h
  Note: including file:     C:\Coin3D\include\Inventor/lists/SbList.h
  Note: including file:      C:\Program Files (x86)\Windows Kits\10\Include\10.0.10240.0\ucrt\assert.h
  Note: including file:    C:\Coin3D\include\Inventor/nodes/SoNode.h
  Note: including file:     C:\Coin3D\include\Inventor/fields/SoFieldContainer.h
  Note: including file:      C:\Coin3D\include\Inventor/misc/SoBase.h
  Note: including file:       C:\Coin3D\include\Inventor/lists/SoAuditorList.h
  Note: including file:        C:\Coin3D\include\Inventor/lists/SbPList.h
  Note: including file:         C:\Program Files (x86)\Windows Kits\10\Include\10.0.10240.0\ucrt\assert.h
  Note: including file:        C:\Coin3D\include\Inventor/misc/SoNotification.h
  Note: including file:         C:\Coin3D\include\Inventor/misc/SoNotRec.h
  Note: including file:       C:\Coin3D\include\Inventor/C/base/rbptree.h
  Note: including file:        C:\Program Files (x86)\Microsoft Visual Studio 14.0\VC\include\stdarg.h
  Note: including file:         C:\Program Files (x86)\Microsoft Visual Studio 14.0\VC\include\vcruntime.h
  Note: including file:     C:\Coin3D\include\Inventor/SoLists.h
  Note: including file:      C:\Coin3D\include\Inventor/lists/SbIntList.h
  Note: including file:      C:\Coin3D\include\Inventor/lists/SoBaseList.h
  Note: including file:      C:\Coin3D\include\Inventor/lists/SoDetailList.h
  Note: including file:      C:\Coin3D\include\Inventor/lists/SoEnabledElementsList.h
  Note: including file:       C:\Coin3D\include\Inventor/lists/SoTypeList.h
  Note: including file:      C:\Coin3D\include\Inventor/lists/SoEngineOutputList.h
  Note: including file:      C:\Coin3D\include\Inventor/lists/SoEngineList.h
  Note: including file:      C:\Coin3D\include\Inventor/lists/SoFieldList.h
  Note: including file:      C:\Coin3D\include\Inventor/lists/SoNodeList.h
  Note: including file:      C:\Coin3D\include\Inventor/lists/SoPathList.h
  Note: including file:      C:\Coin3D\include\Inventor/lists/SoPickedPointList.h
  Note: including file:   C:\Coin3D\include\Inventor/fields/SoMFColor.h
  Note: including file:    C:\Coin3D\include\Inventor/fields/SoMField.h
  Note: including file:     C:\Coin3D\include\Inventor/fields/SoField.h
  Note: including file:      C:\Coin3D\include\Inventor/fields/SoSField.h
  Note: including file:       C:\Coin3D\include\Inventor/fields/SoField.h
  Note: including file:      C:\Coin3D\include\Inventor/fields/SoMField.h
  Note: including file:    C:\Coin3D\include\Inventor/fields/SoSubField.h
  Note: including file:     C:\Program Files (x86)\Windows Kits\10\Include\10.0.10240.0\ucrt\assert.h
  Note: including file:     C:\Coin3D\include\Inventor/SoInput.h
  Note: including file:      C:\Coin3D\include\Inventor/SoDB.h
  Note: including file:       C:\Coin3D\include\Inventor/SbString.h
  Note: including file:        C:\Coin3D\include\Inventor/C/base/string.h
  Note: including file:       C:\Coin3D\include\Inventor/sensors/SoSensorManager.h
  Note: including file:     C:\Coin3D\include\Inventor/SoOutput.h
  Note: including file:    C:\Coin3D\include\Inventor/SbColor.h
  Note: including file:     C:\Coin3D\include\Inventor/SbVec3f.h
  Note: including file:   C:\Coin3D\include\Inventor/fields/SoMFFloat.h
  Note: including file:   C:\Coin3D\include\Inventor/fields/SoSFFloat.h
  Note: including file:  C:\Coin3D\include\Inventor/nodes/SoTransform.h
  Note: including file:   C:\Coin3D\include\Inventor/fields/SoSFRotation.h
  Note: including file:    C:\Coin3D\include\Inventor/SbRotation.h
  Note: including file:     C:\Coin3D\include\Inventor/SbVec4f.h
  Note: including file:   C:\Coin3D\include\Inventor/fields/SoSFVec3f.h
  Note: including file:   C:\Coin3D\include\Inventor/nodes/SoTransformation.h
  Note: including file:   C:\Coin3D\include\Inventor/SbMatrix.h
  Note: including file:  C:\Coin3D\include\Inventor/nodes/SoSphere.h
  Note: including file:   C:\Coin3D\include\Inventor/nodes/SoShape.h
  Note: including file:    C:\Coin3D\include\Inventor/SbVec2s.h
  Note: including file:    C:\Coin3D\include\Inventor/SbBox3f.h
  Note: including file:  C:\Coin3D\include\Inventor/nodes/SoCoordinate3.h
  Note: including file:   C:\Coin3D\include\Inventor/fields/SoMFVec3f.h
  Note: including file:  C:\Coin3D\include\Inventor/nodes/SoIndexedFaceSet.h
  Note: including file:   C:\Coin3D\include\Inventor/nodes/SoIndexedShape.h
  Note: including file:    C:\Coin3D\include\Inventor/nodes/SoVertexShape.h
  Note: including file:     C:\Coin3D\include\Inventor/fields/SoSFNode.h
  Note: including file:     C:\Coin3D\include\Inventor/nodes/SoVertexProperty.h
  Note: including file:      C:\Coin3D\include\Inventor/fields/SoMFUInt32.h
  Note: including file:      C:\Coin3D\include\Inventor/fields/SoMFVec2f.h
  Note: including file:       C:\Coin3D\include\Inventor/SbVec2f.h
  Note: including file:      C:\Coin3D\include\Inventor/fields/SoSFEnum.h
  Note: including file:      C:\Coin3D\include\Inventor/nodes/SoNormalBinding.h
  Note: including file:       C:\Coin3D\include\Inventor/elements/SoNormalBindingElement.h
  Note: including file:        C:\Coin3D\include\Inventor/elements/SoInt32Element.h
  Note: including file:         C:\Coin3D\include\Inventor/elements/SoSubElement.h
  Note: including file:          C:\Program Files (x86)\Windows Kits\10\Include\10.0.10240.0\ucrt\assert.h
  Note: including file:          C:\Coin3D\include\Inventor/elements/SoElement.h
  Note: including file:           C:\Coin3D\include\Inventor/misc/SoState.h
  Note: including file:            C:\Program Files (x86)\Windows Kits\10\Include\10.0.10240.0\ucrt\assert.h
  Note: including file:      C:\Coin3D\include\Inventor/nodes/SoMaterialBinding.h
  Note: including file:       C:\Coin3D\include\Inventor/elements/SoMaterialBindingElement.h
  Note: including file:      C:\Coin3D\include\Inventor/nodes/SoTextureCoordinateBinding.h
  Note: including file:       C:\Coin3D\include\Inventor/elements/SoTextureCoordinateBindingElement.h
  Note: including file:    C:\Coin3D\include\Inventor/fields/SoMFInt32.h
  Note: including file:  C:\Coin3D\include\Inventor/nodes/SoSeparator.h
  Note: including file:   C:\Coin3D\include\Inventor/nodes/SoGroup.h
  Note: including file:  C:\Coin3D\include\Inventor/nodes/SoShapeHints.h
  Note: including file:   C:\Coin3D\include\Inventor/elements/SoShapeHintsElement.h
  Note: including file:  C:\Coin3D\include\Inventor/nodes/SoDrawStyle.h
  Note: including file:   C:\Coin3D\include\Inventor/elements/SoDrawStyleElement.h
  Note: including file:   C:\Coin3D\include\Inventor/fields/SoSFUShort.h
  Note: including file:  C:\Coin3D\include\Inventor/nodes/SoIndexedLineSet.h
  Note: including file: c:\users\gizem\desktop\spring-2021\ceng789\assignment1\FibonacciHeap.h
  Note: including file: C:\Coin3D\include\Inventor/Win/SoWin.h
  Note: including file:  C:\Coin3D\include\Inventor/Win/SoWinBasic.h
  Note: including file:  C:\Program Files (x86)\Windows Kits\8.1\Include\um\windows.h
  Note: including file:   C:\Program Files (x86)\Windows Kits\8.1\Include\shared\winapifamily.h
  Note: including file:   C:\Program Files (x86)\Windows Kits\8.1\Include\shared\sdkddkver.h
  Note: including file:   C:\Program Files (x86)\Microsoft Visual Studio 14.0\VC\include\excpt.h
  Note: including file:    C:\Program Files (x86)\Microsoft Visual Studio 14.0\VC\include\vcruntime.h
  Note: including file:   C:\Program Files (x86)\Windows Kits\8.1\Include\shared\windef.h
  Note: including file:    C:\Program Files (x86)\Windows Kits\8.1\Include\shared\minwindef.h
  Note: including file:     C:\Program Files (x86)\Windows Kits\8.1\Include\shared\specstrings.h
  Note: including file:      C:\Program Files (x86)\Windows Kits\8.1\Include\shared\specstrings_strict.h
  Note: including file:       C:\Program Files (x86)\Windows Kits\8.1\Include\shared\specstrings_undef.h
  Note: including file:      C:\Program Files (x86)\Windows Kits\8.1\Include\shared\driverspecs.h
  Note: including file:       c:\program files (x86)\windows kits\8.1\include\shared\sdv_driverspecs.h
  Note: including file:     C:\Program Files (x86)\Windows Kits\8.1\Include\um\winnt.h
  Note: including file:      C:\Program Files (x86)\Windows Kits\8.1\Include\shared\kernelspecs.h
  Note: including file:      C:\Program Files (x86)\Windows Kits\8.1\Include\shared\basetsd.h
  Note: including file:      C:\Program Files (x86)\Windows Kits\8.1\Include\shared\guiddef.h
  Note: including file:      c:\program files (x86)\windows kits\8.1\include\shared\pshpack4.h
  Note: including file:      c:\program files (x86)\windows kits\8.1\include\shared\poppack.h
  Note: including file:      c:\program files (x86)\windows kits\8.1\include\shared\pshpack4.h
  Note: including file:      c:\program files (x86)\windows kits\8.1\include\shared\poppack.h
  Note: including file:      C:\Program Files (x86)\Windows Kits\8.1\Include\shared\pshpack4.h
  Note: including file:      C:\Program Files (x86)\Windows Kits\8.1\Include\shared\poppack.h
  Note: including file:      c:\program files (x86)\windows kits\8.1\include\shared\pshpack4.h
  Note: including file:      c:\program files (x86)\windows kits\8.1\include\shared\pshpack2.h
  Note: including file:      c:\program files (x86)\windows kits\8.1\include\shared\poppack.h
  Note: including file:      c:\program files (x86)\windows kits\8.1\include\shared\pshpack2.h
  Note: including file:      C:\Program Files (x86)\Windows Kits\8.1\Include\shared\pshpack2.h
  Note: including file:      C:\Program Files (x86)\Windows Kits\8.1\Include\shared\poppack.h
  Note: including file:      c:\program files (x86)\windows kits\8.1\include\shared\poppack.h
  Note: including file:      c:\program files (x86)\windows kits\8.1\include\shared\pshpack8.h
  Note: including file:      c:\program files (x86)\windows kits\8.1\include\shared\poppack.h
  Note: including file:      c:\program files (x86)\windows kits\8.1\include\shared\poppack.h
  Note: including file:      C:\Program Files (x86)\Windows Kits\8.1\Include\shared\apiset.h
  Note: including file:      C:\Program Files (x86)\Windows Kits\8.1\Include\shared\ktmtypes.h
  Note: including file:   C:\Program Files (x86)\Windows Kits\8.1\Include\um\winbase.h
  Note: including file:    C:\Program Files (x86)\Windows Kits\8.1\Include\shared\apisetcconv.h
  Note: including file:    C:\Program Files (x86)\Windows Kits\8.1\Include\um\minwinbase.h
  Note: including file:    C:\Program Files (x86)\Windows Kits\8.1\Include\um\processenv.h
  Note: including file:    C:\Program Files (x86)\Windows Kits\8.1\Include\um\fileapi.h
  Note: including file:    C:\Program Files (x86)\Windows Kits\8.1\Include\um\debugapi.h
  Note: including file:    C:\Program Files (x86)\Windows Kits\8.1\Include\um\utilapiset.h
  Note: including file:    C:\Program Files (x86)\Windows Kits\8.1\Include\um\handleapi.h
  Note: including file:    C:\Program Files (x86)\Windows Kits\8.1\Include\um\errhandlingapi.h
  Note: including file:    C:\Program Files (x86)\Windows Kits\8.1\Include\um\fibersapi.h
  Note: including file:    C:\Program Files (x86)\Windows Kits\8.1\Include\um\namedpipeapi.h
  Note: including file:    C:\Program Files (x86)\Windows Kits\8.1\Include\um\profileapi.h
  Note: including file:    C:\Program Files (x86)\Windows Kits\8.1\Include\um\heapapi.h
  Note: including file:    C:\Program Files (x86)\Windows Kits\8.1\Include\um\ioapiset.h
  Note: including file:    C:\Program Files (x86)\Windows Kits\8.1\Include\um\synchapi.h
  Note: including file:    C:\Program Files (x86)\Windows Kits\8.1\Include\um\interlockedapi.h
  Note: including file:    C:\Program Files (x86)\Windows Kits\8.1\Include\um\processthreadsapi.h
  Note: including file:    C:\Program Files (x86)\Windows Kits\8.1\Include\um\sysinfoapi.h
  Note: including file:    C:\Program Files (x86)\Windows Kits\8.1\Include\um\memoryapi.h
  Note: including file:    C:\Program Files (x86)\Windows Kits\8.1\Include\um\threadpoollegacyapiset.h
  Note: including file:    C:\Program Files (x86)\Windows Kits\8.1\Include\um\threadpoolapiset.h
  Note: including file:    C:\Program Files (x86)\Windows Kits\8.1\Include\um\bemapiset.h
  Note: including file:    C:\Program Files (x86)\Windows Kits\8.1\Include\um\jobapi.h
  Note: including file:    C:\Program Files (x86)\Windows Kits\8.1\Include\um\wow64apiset.h
  Note: including file:    C:\Program Files (x86)\Windows Kits\8.1\Include\um\libloaderapi.h
  Note: including file:    C:\Program Files (x86)\Windows Kits\8.1\Include\um\securitybaseapi.h
  Note: including file:    C:\Program Files (x86)\Windows Kits\8.1\Include\um\namespaceapi.h
  Note: including file:    C:\Program Files (x86)\Windows Kits\8.1\Include\um\systemtopologyapi.h
  Note: including file:    C:\Program Files (x86)\Windows Kits\8.1\Include\um\processtopologyapi.h
  Note: including file:    C:\Program Files (x86)\Windows Kits\8.1\Include\um\securityappcontainer.h
  Note: including file:    C:\Program Files (x86)\Windows Kits\8.1\Include\um\realtimeapiset.h
  Note: including file:    C:\Program Files (x86)\Windows Kits\8.1\Include\shared\winerror.h
  Note: including file:    C:\Program Files (x86)\Windows Kits\8.1\Include\um\timezoneapi.h
  Note: including file:   C:\Program Files (x86)\Windows Kits\8.1\Include\um\wingdi.h
  Note: including file:    C:\Program Files (x86)\Windows Kits\8.1\Include\shared\pshpack1.h
  Note: including file:    C:\Program Files (x86)\Windows Kits\8.1\Include\shared\poppack.h
  Note: including file:    C:\Program Files (x86)\Windows Kits\8.1\Include\shared\pshpack2.h
  Note: including file:    C:\Program Files (x86)\Windows Kits\8.1\Include\shared\poppack.h
  Note: including file:    C:\Program Files (x86)\Windows Kits\8.1\Include\shared\pshpack2.h
  Note: including file:    C:\Program Files (x86)\Windows Kits\8.1\Include\shared\poppack.h
  Note: including file:    C:\Program Files (x86)\Windows Kits\8.1\Include\shared\pshpack4.h
  Note: including file:    C:\Program Files (x86)\Windows Kits\8.1\Include\shared\poppack.h
  Note: including file:    C:\Program Files (x86)\Windows Kits\8.1\Include\shared\pshpack4.h
  Note: including file:    C:\Program Files (x86)\Windows Kits\8.1\Include\shared\poppack.h
  Note: including file:   C:\Program Files (x86)\Windows Kits\8.1\Include\um\winuser.h
  Note: including file:    C:\Program Files (x86)\Windows Kits\8.1\Include\shared\pshpack2.h
  Note: including file:    C:\Program Files (x86)\Windows Kits\8.1\Include\shared\poppack.h
  Note: including file:    C:\Program Files (x86)\Windows Kits\8.1\Include\shared\tvout.h
  Note: including file:   C:\Program Files (x86)\Windows Kits\8.1\Include\um\winnls.h
  Note: including file:    C:\Program Files (x86)\Windows Kits\8.1\Include\um\datetimeapi.h
  Note: including file:    C:\Program Files (x86)\Windows Kits\8.1\Include\um\stringapiset.h
  Note: including file:     C:\Program Files (x86)\Windows Kits\8.1\Include\um\winnls.h
  Note: including file:   C:\Program Files (x86)\Windows Kits\8.1\Include\um\wincon.h
  Note: including file:    C:\Program Files (x86)\Windows Kits\8.1\Include\um\consoleapi.h
  Note: including file:   C:\Program Files (x86)\Windows Kits\8.1\Include\um\winver.h
  Note: including file:    C:\Program Files (x86)\Windows Kits\8.1\Include\um\verrsrc.h
  Note: including file:   C:\Program Files (x86)\Windows Kits\8.1\Include\um\winreg.h
  Note: including file:    C:\Program Files (x86)\Windows Kits\8.1\Include\um\reason.h
  Note: including file:   C:\Program Files (x86)\Windows Kits\8.1\Include\um\winnetwk.h
  Note: including file:    C:\Program Files (x86)\Windows Kits\8.1\Include\shared\wnnc.h
  Note: including file:   C:\Program Files (x86)\Windows Kits\8.1\Include\shared\cderr.h
  Note: including file:   C:\Program Files (x86)\Windows Kits\8.1\Include\um\dde.h
  Note: including file:   C:\Program Files (x86)\Windows Kits\8.1\Include\um\ddeml.h
  Note: including file:   C:\Program Files (x86)\Windows Kits\8.1\Include\um\dlgs.h
  Note: including file:   C:\Program Files (x86)\Windows Kits\8.1\Include\um\lzexpand.h
  Note: including file:   C:\Program Files (x86)\Windows Kits\8.1\Include\um\mmsystem.h
  Note: including file:    C:\Program Files (x86)\Windows Kits\8.1\Include\um\mmsyscom.h
  Note: including file:     C:\Program Files (x86)\Windows Kits\8.1\Include\shared\pshpack1.h
  Note: including file:     C:\Program Files (x86)\Windows Kits\8.1\Include\shared\poppack.h
  Note: including file:    C:\Program Files (x86)\Windows Kits\8.1\Include\shared\pshpack1.h
  Note: including file:    C:\Program Files (x86)\Windows Kits\8.1\Include\um\mciapi.h
  Note: including file:     C:\Program Files (x86)\Windows Kits\8.1\Include\um\mmsyscom.h
  Note: including file:    C:\Program Files (x86)\Windows Kits\8.1\Include\um\mmiscapi.h
  Note: including file:     C:\Program Files (x86)\Windows Kits\8.1\Include\um\mmsyscom.h
  Note: including file:    C:\Program Files (x86)\Windows Kits\8.1\Include\um\mmiscapi2.h
  Note: including file:     C:\Program Files (x86)\Windows Kits\8.1\Include\um\mmsyscom.h
  Note: including file:    C:\Program Files (x86)\Windows Kits\8.1\Include\um\playsoundapi.h
  Note: including file:     C:\Program Files (x86)\Windows Kits\8.1\Include\um\mmsyscom.h
  Note: including file:    C:\Program Files (x86)\Windows Kits\8.1\Include\um\mmeapi.h
  Note: including file:     C:\Program Files (x86)\Windows Kits\8.1\Include\um\mmsyscom.h
  Note: including file:    C:\Program Files (x86)\Windows Kits\8.1\Include\um\timeapi.h
  Note: including file:     C:\Program Files (x86)\Windows Kits\8.1\Include\um\mmsyscom.h
  Note: including file:    C:\Program Files (x86)\Windows Kits\8.1\Include\um\joystickapi.h
  Note: including file:     C:\Program Files (x86)\Windows Kits\8.1\Include\um\mmsyscom.h
  Note: including file:    C:\Program Files (x86)\Windows Kits\8.1\Include\shared\poppack.h
  Note: including file:   C:\Program Files (x86)\Windows Kits\8.1\Include\um\nb30.h
  Note: including file:   C:\Program Files (x86)\Windows Kits\8.1\Include\shared\rpc.h
  Note: including file:    C:\Program Files (x86)\Windows Kits\8.1\Include\shared\rpcdce.h
  Note: including file:     C:\Program Files (x86)\Windows Kits\8.1\Include\shared\rpcdcep.h
  Note: including file:    C:\Program Files (x86)\Windows Kits\8.1\Include\um\rpcnsi.h
  Note: including file:    C:\Program Files (x86)\Windows Kits\8.1\Include\shared\rpcnterr.h
  Note: including file:    C:\Program Files (x86)\Windows Kits\8.1\Include\shared\rpcasync.h
  Note: including file:   C:\Program Files (x86)\Windows Kits\8.1\Include\um\shellapi.h
  Note: including file:    C:\Program Files (x86)\Windows Kits\8.1\Include\shared\pshpack1.h
  Note: including file:    C:\Program Files (x86)\Windows Kits\8.1\Include\shared\poppack.h
  Note: including file:   C:\Program Files (x86)\Windows Kits\8.1\Include\um\winperf.h
  Note: including file:    C:\Program Files (x86)\Windows Kits\8.1\Include\shared\pshpack8.h
  Note: including file:    C:\Program Files (x86)\Windows Kits\8.1\Include\shared\poppack.h
  Note: including file:   C:\Program Files (x86)\Windows Kits\8.1\Include\um\winsock.h
  Note: including file:    C:\Program Files (x86)\Windows Kits\8.1\Include\shared\inaddr.h
  Note: including file:   C:\Program Files (x86)\Windows Kits\8.1\Include\um\wincrypt.h
  Note: including file:    C:\Program Files (x86)\Windows Kits\8.1\Include\shared\bcrypt.h
  Note: including file:    C:\Program Files (x86)\Windows Kits\8.1\Include\um\ncrypt.h
  Note: including file:    C:\Program Files (x86)\Windows Kits\8.1\Include\um\dpapi.h
  Note: including file:   C:\Program Files (x86)\Windows Kits\8.1\Include\um\winefs.h
  Note: including file:   C:\Program Files (x86)\Windows Kits\8.1\Include\um\winscard.h
  Note: including file:    C:\Program Files (x86)\Windows Kits\8.1\Include\shared\wtypes.h
  Note: including file:     c:\program files (x86)\windows kits\8.1\include\shared\rpcndr.h
  Note: including file:      C:\Program Files (x86)\Windows Kits\8.1\Include\shared\pshpack8.h
  Note: including file:      C:\Program Files (x86)\Windows Kits\8.1\Include\um\rpcnsip.h
  Note: including file:      C:\Program Files (x86)\Windows Kits\8.1\Include\shared\rpcsal.h
  Note: including file:      C:\Program Files (x86)\Windows Kits\8.1\Include\shared\poppack.h
  Note: including file:     c:\program files (x86)\windows kits\8.1\include\shared\wtypesbase.h
  Note: including file:      c:\program files (x86)\windows kits\8.1\include\shared\guiddef.h
  Note: including file:    C:\Program Files (x86)\Windows Kits\8.1\Include\um\winioctl.h
  Note: including file:     C:\Program Files (x86)\Windows Kits\8.1\Include\shared\pshpack1.h
  Note: including file:     C:\Program Files (x86)\Windows Kits\8.1\Include\shared\poppack.h
  Note: including file:     C:\Program Files (x86)\Windows Kits\8.1\Include\shared\pshpack1.h
  Note: including file:     C:\Program Files (x86)\Windows Kits\8.1\Include\shared\poppack.h
  Note: including file:     C:\Program Files (x86)\Windows Kits\8.1\Include\shared\pshpack1.h
  Note: including file:     C:\Program Files (x86)\Windows Kits\8.1\Include\shared\poppack.h
  Note: including file:     C:\Program Files (x86)\Windows Kits\8.1\Include\shared\pshpack1.h
  Note: including file:     C:\Program Files (x86)\Windows Kits\8.1\Include\shared\poppack.h
  Note: including file:     C:\Program Files (x86)\Windows Kits\8.1\Include\shared\pshpack1.h
  Note: including file:     C:\Program Files (x86)\Windows Kits\8.1\Include\shared\poppack.h
  Note: including file:     C:\Program Files (x86)\Windows Kits\8.1\Include\shared\pshpack1.h
  Note: including file:     C:\Program Files (x86)\Windows Kits\8.1\Include\shared\poppack.h
  Note: including file:     C:\Program Files (x86)\Windows Kits\8.1\Include\shared\pshpack1.h
  Note: including file:     C:\Program Files (x86)\Windows Kits\8.1\Include\shared\poppack.h
  Note: including file:    C:\Program Files (x86)\Windows Kits\8.1\Include\shared\winsmcrd.h
  Note: including file:   C:\Program Files (x86)\Windows Kits\8.1\Include\um\winspool.h
  Note: including file:    C:\Program Files (x86)\Windows Kits\8.1\Include\um\prsht.h
  Note: including file:     C:\Program Files (x86)\Windows Kits\8.1\Include\shared\pshpack4.h
  Note: including file:     C:\Program Files (x86)\Windows Kits\8.1\Include\shared\poppack.h
  Note: including file:   C:\Program Files (x86)\Windows Kits\8.1\Include\um\ole2.h
  Note: including file:    C:\Program Files (x86)\Windows Kits\8.1\Include\shared\pshpack8.h
  Note: including file:    C:\Program Files (x86)\Windows Kits\8.1\Include\um\objbase.h
  Note: including file:     C:\Program Files (x86)\Windows Kits\8.1\Include\shared\pshpack8.h
  Note: including file:     C:\Program Files (x86)\Windows Kits\8.1\Include\um\combaseapi.h
  Note: including file:      C:\Program Files (x86)\Windows Kits\8.1\Include\shared\pshpack8.h
  Note: including file:      C:\Program Files (x86)\Windows Kits\8.1\Include\um\unknwnbase.h
  Note: including file:      C:\Program Files (x86)\Windows Kits\8.1\Include\um\objidlbase.h
  Note: including file:      C:\Program Files (x86)\Windows Kits\8.1\Include\shared\guiddef.h
  Note: including file:      C:\Program Files (x86)\Windows Kits\8.1\Include\um\cguid.h
  Note: including file:      C:\Program Files (x86)\Windows Kits\8.1\Include\shared\poppack.h
  Note: including file:     C:\Program Files (x86)\Windows Kits\8.1\Include\um\objidl.h
  Note: including file:      c:\program files (x86)\windows kits\8.1\include\um\unknwn.h
  Note: including file:     C:\Program Files (x86)\Windows Kits\8.1\Include\um\urlmon.h
  Note: including file:      c:\program files (x86)\windows kits\8.1\include\um\oleidl.h
  Note: including file:      c:\program files (x86)\windows kits\8.1\include\um\servprov.h
  Note: including file:      c:\program files (x86)\windows kits\8.1\include\um\msxml.h
  Note: including file:       c:\program files (x86)\windows kits\8.1\include\um\oaidl.h
  Note: including file:     C:\Program Files (x86)\Windows Kits\8.1\Include\um\propidl.h
  Note: including file:     C:\Program Files (x86)\Windows Kits\8.1\Include\shared\poppack.h
  Note: including file:    C:\Program Files (x86)\Windows Kits\8.1\Include\um\oleauto.h
  Note: including file:     C:\Program Files (x86)\Windows Kits\8.1\Include\shared\pshpack8.h
  Note: including file:     C:\Program Files (x86)\Windows Kits\8.1\Include\shared\poppack.h
  Note: including file:    C:\Program Files (x86)\Windows Kits\8.1\Include\shared\poppack.h
  Note: including file:   C:\Program Files (x86)\Windows Kits\8.1\Include\um\commdlg.h
  Note: including file:    C:\Program Files (x86)\Windows Kits\8.1\Include\um\prsht.h
  Note: including file:    C:\Program Files (x86)\Windows Kits\8.1\Include\shared\pshpack1.h
  Note: including file:    C:\Program Files (x86)\Windows Kits\8.1\Include\shared\poppack.h
  Note: including file:   C:\Program Files (x86)\Windows Kits\8.1\Include\shared\stralign.h
  Note: including file:   C:\Program Files (x86)\Windows Kits\8.1\Include\um\winsvc.h
  Note: including file:   C:\Program Files (x86)\Windows Kits\8.1\Include\um\mcx.h
  Note: including file:   C:\Program Files (x86)\Windows Kits\8.1\Include\um\imm.h
  Note: including file:    C:\Program Files (x86)\Windows Kits\8.1\Include\um\ime_cmodes.h
  Note: including file:  C:\Coin3D\include\Inventor/SbLinear.h
  Note: including file:   C:\Coin3D\include\Inventor/SbVec3s.h
  Note: including file:   C:\Coin3D\include\Inventor/SbSphere.h
  Note: including file:   C:\Coin3D\include\Inventor/SbLine.h
  Note: including file:   C:\Coin3D\include\Inventor/SbCylinder.h
  Note: including file:   C:\Coin3D\include\Inventor/SbPlane.h
  Note: including file:   C:\Coin3D\include\Inventor/SbViewVolume.h
  Note: including file:    C:\Coin3D\include\Inventor/SbDPViewVolume.h
  Note: including file:     C:\Coin3D\include\Inventor/SbVec3d.h
  Note: including file:  C:\Coin3D\include\Inventor/errors/SoDebugError.h
  Note: including file:   C:\Coin3D\include\Inventor/errors/SoError.h
  Note: including file:    C:\Coin3D\include\Inventor/C/errors/error.h
  Note: including file: C:\Coin3D\include\Inventor/Win/viewers/SoWinExaminerViewer.h
  Note: including file:  C:\Coin3D\include\Inventor/Win/viewers/SoWinFullViewer.h
  Note: including file:   C:\Coin3D\include\Inventor/Win/viewers/SoWinViewer.h
  Note: including file:    C:\Program Files (x86)\Windows Kits\10\Include\10.0.10240.0\ucrt\math.h
  Note: including file:    C:\Coin3D\include\Inventor/SbTime.h
  Note: including file:    C:\Coin3D\include\Inventor/Win/SoWinRenderArea.h
  Note: including file:     C:\Coin3D\include\Inventor/SbViewportRegion.h
  Note: including file:     C:\Coin3D\include\Inventor/actions/SoGLRenderAction.h
  Note: including file:      C:\Coin3D\include\Inventor/actions/SoAction.h
  Note: including file:       C:\Coin3D\include\Inventor/misc/SoTempPath.h
  Note: including file:        C:\Coin3D\include\Inventor/SoFullPath.h
  Note: including file:         C:\Coin3D\include\Inventor/SoPath.h
  Note: including file:          C:\Coin3D\include\Inventor/SoFullPath.h
  Note: including file:          C:\Coin3D\include\Inventor/misc/SoLightPath.h
  Note: including file:       C:\Coin3D\include\Inventor/lists/SoActionMethodList.h
  Note: including file:      C:\Coin3D\include\Inventor/actions/SoSubAction.h
  Note: including file:     C:\Coin3D\include\Inventor/SoSceneManager.h
  Note: including file:     C:\Coin3D\include\Inventor/Win/SoWinGLWidget.h
  Note: including file:      C:\Coin3D\include\Inventor/Win/SoWinComponent.h
  Note: including file:       C:\Coin3D\include\Inventor/Win/SoWinObject.h
  Note: including file:        C:\Program Files (x86)\Windows Kits\10\Include\10.0.10240.0\ucrt\assert.h
  Note: including file:    C:\Coin3D\include\Inventor/events/SoKeyboardEvent.h
  Note: including file:     C:\Coin3D\include\Inventor/events/SoButtonEvent.h
  Note: including file:      C:\Coin3D\include\Inventor/events/SoSubEvent.h
  Note: including file:       C:\Coin3D\include\Inventor/events/SoEvent.h
  Note: including file: C:\Program Files (x86)\Microsoft Visual Studio 14.0\VC\include\fstream
  Note: including file: C:\Program Files (x86)\Microsoft Visual Studio 14.0\VC\include\chrono
  Note: including file:  C:\Program Files (x86)\Microsoft Visual Studio 14.0\VC\include\ratio
  Note: including file:  C:\Program Files (x86)\Windows Kits\10\Include\10.0.10240.0\ucrt\time.h
  Note: including file:  C:\Program Files (x86)\Microsoft Visual Studio 14.0\VC\include\thr/xtimec.h
  Note: including file:   C:\Program Files (x86)\Microsoft Visual Studio 14.0\VC\include\thr/xthrcommon.h
c:\program files (x86)\microsoft visual studio 14.0\vc\include\utility(200): warning C4244: 'initializing': conversion from 'double' to 'float', possible loss of data
  c:\users\gizem\desktop\spring-2021\ceng789\assignment1\main.cpp(75): note: see reference to function template instantiation 'std::pair<float,int>::pair<double,int,void,0>(std::pair<double,int> &&) noexcept' being compiled
  c:\users\gizem\desktop\spring-2021\ceng789\assignment1\main.cpp(75): note: see reference to function template instantiation 'std::pair<float,int>::pair<double,int,void,0>(std::pair<double,int> &&) noexcept' being compiled
  Generating Code...
  MyDemo.vcxproj -> C:\Users\Gizem\Desktop\SPRING-2021\CENG789\Assignment1\Debug\Assignment1.exe
  MyDemo.vcxproj -> C:\Users\Gizem\Desktop\SPRING-2021\CENG789\Assignment1\Debug\Assignment1.pdb (Full PDB)
